#! /usr/share/iverilog-0.9.7/bin/vvp
:ivl_version "0.9.7 " "(v0_9_6)";
:vpi_time_precision + 0;
:vpi_module "system";
:vpi_module "v2005_math";
:vpi_module "va_math";
S_0x1612f70 .scope module, "AM2940_tb" "AM2940_tb" 2 1;
 .timescale 0 0;
v0x16421b0_0 .var "It", 2 0;
v0x1642410_0 .var "acit", 0 0;
v0x16424e0_0 .net "acot", 0 0, L_0x1643860; 1 drivers
v0x16425b0_0 .net "addroutt", 7 0, L_0x1642a70; 1 drivers
v0x1642630_0 .var "clkt", 0 0;
v0x16426b0_0 .var "dataint", 7 0;
v0x1642730_0 .net "dataoutt", 7 0, v0x163c510_0; 1 drivers
v0x1642800_0 .net "donet", 0 0, v0x163bf00_0; 1 drivers
v0x1642920_0 .var "wcit", 0 0;
v0x16429f0_0 .net "wcot", 0 0, L_0x1644690; 1 drivers
S_0x160e430 .scope module, "DUT" "AM2940" 2 9, 3 11, S_0x1612f70;
 .timescale 0 0;
L_0x1642a70 .functor BUFZ 8, v0x163f0d0_0, C4<00000000>, C4<00000000>, C4<00000000>;
L_0x1644820 .functor NOT 1, v0x1642920_0, C4<0>, C4<0>, C4<0>;
v0x1640ad0_0 .net "I", 2 0, v0x16421b0_0; 1 drivers
v0x1640b50_0 .net "aci", 0 0, v0x1642410_0; 1 drivers
v0x1640bd0_0 .alias "aco", 0 0, v0x16424e0_0;
v0x1640c80_0 .net "acout", 7 0, v0x163f0d0_0; 1 drivers
v0x1640d30_0 .alias "addrout", 7 0, v0x16425b0_0;
v0x1640db0_0 .net "amout", 7 0, L_0x1642c50; 1 drivers
v0x1640e30_0 .net "arout", 7 0, v0x163fb90_0; 1 drivers
v0x1640f00_0 .net "clk", 0 0, v0x1642630_0; 1 drivers
v0x1640fd0_0 .net "crout", 2 0, v0x163c900_0; 1 drivers
v0x16410a0_0 .net "datain", 7 0, v0x16426b0_0; 1 drivers
v0x16411b0_0 .alias "dataout", 7 0, v0x1642730_0;
v0x1641230_0 .net "deca", 0 0, v0x163ff60_0; 1 drivers
v0x16412b0_0 .net "decw", 0 0, v0x1640010_0; 1 drivers
v0x1641330_0 .alias "done", 0 0, v0x1642800_0;
v0x1641430_0 .net "ena", 0 0, v0x16400f0_0; 1 drivers
v0x1641500_0 .net "enw", 0 0, v0x16401a0_0; 1 drivers
v0x16413b0_0 .net "inca", 0 0, v0x1640220_0; 1 drivers
v0x16416b0_0 .net "incw", 0 0, v0x16402d0_0; 1 drivers
v0x16417d0_0 .net "oedata", 0 0, v0x1640350_0; 1 drivers
v0x1641850_0 .net "plac", 0 0, v0x16403d0_0; 1 drivers
v0x1641980_0 .net "plar", 0 0, v0x1640480_0; 1 drivers
v0x1641a00_0 .net "plcr", 0 0, v0x1640500_0; 1 drivers
v0x1641b40_0 .net "plwc", 0 0, v0x16405b0_0; 1 drivers
v0x1641bc0_0 .net "plwr", 0 0, v0x1640660_0; 1 drivers
v0x1641d10_0 .net "resw", 0 0, v0x1640790_0; 1 drivers
v0x1641d90_0 .net "sela", 0 0, v0x1640840_0; 1 drivers
v0x1641c90_0 .net "seld", 1 0, v0x16406e0_0; 1 drivers
v0x1641f40_0 .net "selw", 0 0, v0x16409b0_0; 1 drivers
v0x1641e60_0 .net "wci", 0 0, v0x1642920_0; 1 drivers
v0x16420b0_0 .alias "wco", 0 0, v0x16429f0_0;
v0x1641fc0_0 .net "wcout", 7 0, v0x163d870_0; 1 drivers
v0x1642230_0 .net "wmout", 7 0, L_0x1643990; 1 drivers
v0x1642130_0 .net "wrout", 7 0, v0x163e2c0_0; 1 drivers
L_0x1642bb0 .part v0x16426b0_0, 0, 3;
L_0x1644780 .part v0x16426b0_0, 0, 3;
L_0x1644880 .part v0x163c900_0, 0, 2;
S_0x163fcc0 .scope module, "instr_dec" "instruction_decoder" 3 29, 4 1, S_0x160e430;
 .timescale 0 0;
v0x163fe00_0 .net "CR", 2 0, L_0x1642bb0; 1 drivers
v0x163fec0_0 .alias "I", 2 0, v0x1640ad0_0;
v0x163ff60_0 .var "deca", 0 0;
v0x1640010_0 .var "decw", 0 0;
v0x16400f0_0 .var "ena", 0 0;
v0x16401a0_0 .var "enw", 0 0;
v0x1640220_0 .var "inca", 0 0;
v0x16402d0_0 .var "incw", 0 0;
v0x1640350_0 .var "oedata", 0 0;
v0x16403d0_0 .var "plac", 0 0;
v0x1640480_0 .var "plar", 0 0;
v0x1640500_0 .var "plcr", 0 0;
v0x16405b0_0 .var "plwc", 0 0;
v0x1640660_0 .var "plwr", 0 0;
v0x1640790_0 .var "resw", 0 0;
v0x1640840_0 .var "sela", 0 0;
v0x16406e0_0 .var "seld", 1 0;
v0x16409b0_0 .var "selw", 0 0;
E_0x163fdb0 .event edge, v0x163fe00_0, v0x163fec0_0;
S_0x163f910 .scope module, "addrReg" "reg8" 3 34, 5 1, S_0x160e430;
 .timescale 0 0;
v0x163fa00_0 .alias "clk", 0 0, v0x1640f00_0;
v0x163fb10_0 .alias "din", 7 0, v0x16410a0_0;
v0x163fb90_0 .var "dout", 7 0;
v0x163fc10_0 .alias "pl", 0 0, v0x1641980_0;
S_0x163f5b0 .scope module, "addrMux" "mux_1_2" 3 36, 6 1, S_0x160e430;
 .timescale 0 0;
v0x163f6a0_0 .alias "din0", 7 0, v0x16410a0_0;
v0x163f770_0 .alias "din1", 7 0, v0x1640e30_0;
v0x163f810_0 .alias "dout", 7 0, v0x1640db0_0;
v0x163f890_0 .alias "sel", 0 0, v0x1641d90_0;
L_0x1642c50 .functor MUXZ 8, v0x16426b0_0, v0x163fb90_0, v0x1640840_0, C4<>;
S_0x163e410 .scope module, "addrCnt" "counter_8b" 3 38, 7 1, S_0x160e430;
 .timescale 0 0;
L_0x1642d90 .functor AND 1, L_0x1642cf0, v0x16400f0_0, C4<1>, C4<1>;
L_0x1642e40 .functor AND 1, L_0x1642d90, v0x1640220_0, C4<1>, C4<1>;
L_0x1642f90 .functor AND 1, L_0x1642e40, L_0x1642ef0, C4<1>, C4<1>;
L_0x1643270 .functor AND 1, L_0x1643180, v0x16400f0_0, C4<1>, C4<1>;
L_0x16433b0 .functor AND 1, L_0x1643270, v0x163ff60_0, C4<1>, C4<1>;
L_0x1643540 .functor AND 1, L_0x16433b0, L_0x1643410, C4<1>, C4<1>;
L_0x1643760 .functor AND 1, L_0x1643090, L_0x1643630, C4<1>, C4<1>;
v0x163e500_0 .net *"_s0", 7 0, C4<11111111>; 1 drivers
v0x163e580_0 .net *"_s10", 0 0, L_0x1642f90; 1 drivers
v0x163e620_0 .net *"_s13", 0 0, L_0x1643090; 1 drivers
v0x163e6c0_0 .net *"_s14", 7 0, C4<00000000>; 1 drivers
v0x163e770_0 .net *"_s16", 0 0, L_0x1643180; 1 drivers
v0x163e810_0 .net *"_s18", 0 0, L_0x1643270; 1 drivers
v0x163e8b0_0 .net *"_s2", 0 0, L_0x1642cf0; 1 drivers
v0x163e950_0 .net *"_s20", 0 0, L_0x16433b0; 1 drivers
v0x163ea40_0 .net *"_s23", 0 0, L_0x1643410; 1 drivers
v0x163eae0_0 .net *"_s24", 0 0, L_0x1643540; 1 drivers
v0x163eb80_0 .net *"_s27", 0 0, L_0x1643630; 1 drivers
v0x163ec20_0 .net *"_s28", 0 0, L_0x1643760; 1 drivers
v0x163ecc0_0 .net *"_s4", 0 0, L_0x1642d90; 1 drivers
v0x163ed60_0 .net *"_s6", 0 0, L_0x1642e40; 1 drivers
v0x163ee80_0 .net *"_s9", 0 0, L_0x1642ef0; 1 drivers
v0x163ef20_0 .alias "ci", 0 0, v0x1640b50_0;
v0x163ede0_0 .alias "clk", 0 0, v0x1640f00_0;
v0x163f050_0 .alias "cout", 0 0, v0x16424e0_0;
v0x163f170_0 .alias "dec", 0 0, v0x1641230_0;
v0x163f1f0_0 .alias "di", 7 0, v0x1640db0_0;
v0x163f0d0_0 .var "dout", 7 0;
v0x163f320_0 .alias "encnt", 0 0, v0x1641430_0;
v0x163f270_0 .alias "inc", 0 0, v0x16413b0_0;
v0x163f460_0 .alias "pl", 0 0, v0x1641850_0;
v0x163f3a0_0 .net "reset", 0 0, C4<0>; 1 drivers
L_0x1642cf0 .cmp/eeq 8, v0x163f0d0_0, C4<11111111>;
L_0x1642ef0 .reduce/nor v0x1642410_0;
L_0x1643090 .reduce/nor L_0x1642f90;
L_0x1643180 .cmp/eeq 8, v0x163f0d0_0, C4<00000000>;
L_0x1643410 .reduce/nor v0x1642410_0;
L_0x1643630 .reduce/nor L_0x1643540;
L_0x1643860 .reduce/nor L_0x1643760;
S_0x163e080 .scope module, "wordReg" "reg8" 3 41, 5 1, S_0x160e430;
 .timescale 0 0;
v0x163e170_0 .alias "clk", 0 0, v0x1640f00_0;
v0x163e240_0 .alias "din", 7 0, v0x16410a0_0;
v0x163e2c0_0 .var "dout", 7 0;
v0x163e390_0 .alias "pl", 0 0, v0x1641bc0_0;
S_0x163dcf0 .scope module, "wordMux" "mux_1_2" 3 43, 6 1, S_0x160e430;
 .timescale 0 0;
v0x163dde0_0 .alias "din0", 7 0, v0x16410a0_0;
v0x163dea0_0 .alias "din1", 7 0, v0x1642130_0;
v0x163df20_0 .alias "dout", 7 0, v0x1642230_0;
v0x163dfd0_0 .alias "sel", 0 0, v0x1641f40_0;
L_0x1643990 .functor MUXZ 8, v0x16426b0_0, v0x163e2c0_0, v0x16409b0_0, C4<>;
S_0x163ca60 .scope module, "wordCnt" "counter_8b" 3 46, 7 1, S_0x160e430;
 .timescale 0 0;
L_0x1643cb0 .functor AND 1, L_0x1643b80, v0x16401a0_0, C4<1>, C4<1>;
L_0x1643d10 .functor AND 1, L_0x1643cb0, v0x16402d0_0, C4<1>, C4<1>;
L_0x1643e60 .functor AND 1, L_0x1643d10, L_0x1643dc0, C4<1>, C4<1>;
L_0x16440a0 .functor AND 1, L_0x1644000, v0x16401a0_0, C4<1>, C4<1>;
L_0x16441e0 .functor AND 1, L_0x16440a0, v0x1640010_0, C4<1>, C4<1>;
L_0x1644370 .functor AND 1, L_0x16441e0, L_0x1644240, C4<1>, C4<1>;
L_0x1644590 .functor AND 1, L_0x1643f60, L_0x1644460, C4<1>, C4<1>;
v0x163cb50_0 .net *"_s0", 7 0, C4<11111111>; 1 drivers
v0x163cbf0_0 .net *"_s10", 0 0, L_0x1643e60; 1 drivers
v0x163cc90_0 .net *"_s13", 0 0, L_0x1643f60; 1 drivers
v0x163cd30_0 .net *"_s14", 7 0, C4<00000000>; 1 drivers
v0x163cde0_0 .net *"_s16", 0 0, L_0x1644000; 1 drivers
v0x163ce80_0 .net *"_s18", 0 0, L_0x16440a0; 1 drivers
v0x163cf60_0 .net *"_s2", 0 0, L_0x1643b80; 1 drivers
v0x163d000_0 .net *"_s20", 0 0, L_0x16441e0; 1 drivers
v0x163d0f0_0 .net *"_s23", 0 0, L_0x1644240; 1 drivers
v0x163d190_0 .net *"_s24", 0 0, L_0x1644370; 1 drivers
v0x163d290_0 .net *"_s27", 0 0, L_0x1644460; 1 drivers
v0x163d330_0 .net *"_s28", 0 0, L_0x1644590; 1 drivers
v0x163d440_0 .net *"_s4", 0 0, L_0x1643cb0; 1 drivers
v0x163d4e0_0 .net *"_s6", 0 0, L_0x1643d10; 1 drivers
v0x163d600_0 .net *"_s9", 0 0, L_0x1643dc0; 1 drivers
v0x163d6a0_0 .alias "ci", 0 0, v0x1641e60_0;
v0x163d560_0 .alias "clk", 0 0, v0x1640f00_0;
v0x163d7d0_0 .alias "cout", 0 0, v0x16429f0_0;
v0x163d720_0 .alias "dec", 0 0, v0x16412b0_0;
v0x163d910_0 .alias "di", 7 0, v0x1642230_0;
v0x163d870_0 .var "dout", 7 0;
v0x163da40_0 .alias "encnt", 0 0, v0x1641500_0;
v0x163d9b0_0 .alias "inc", 0 0, v0x16416b0_0;
v0x163dba0_0 .alias "pl", 0 0, v0x1641b40_0;
v0x163dae0_0 .alias "reset", 0 0, v0x1641d10_0;
L_0x1643b80 .cmp/eeq 8, v0x163d870_0, C4<11111111>;
L_0x1643dc0 .reduce/nor v0x1642920_0;
L_0x1643f60 .reduce/nor L_0x1643e60;
L_0x1644000 .cmp/eeq 8, v0x163d870_0, C4<00000000>;
L_0x1644240 .reduce/nor v0x1642920_0;
L_0x1644460 .reduce/nor L_0x1644370;
L_0x1644690 .reduce/nor L_0x1644590;
S_0x163c640 .scope module, "controlReg" "reg3" 3 49, 5 14, S_0x160e430;
 .timescale 0 0;
v0x163c7a0_0 .alias "clk", 0 0, v0x1640f00_0;
v0x163c860_0 .net "din", 2 0, L_0x1644780; 1 drivers
v0x163c900_0 .var "dout", 2 0;
v0x163c9b0_0 .alias "pl", 0 0, v0x1641a00_0;
E_0x163c730 .event posedge, v0x163c7a0_0;
S_0x163c1d0 .scope module, "dataMux" "mux_1_3" 3 52, 6 10, S_0x160e430;
 .timescale 0 0;
v0x163c310_0 .alias "din0", 7 0, v0x1640c80_0;
v0x163c3e0_0 .alias "din1", 7 0, v0x1641fc0_0;
v0x163c490_0 .alias "din2", 2 0, v0x1640fd0_0;
v0x163c510_0 .var "dout", 7 0;
v0x163c5c0_0 .alias "sel", 1 0, v0x1641c90_0;
E_0x163c020 .event edge, v0x163c5c0_0, v0x163c490_0, v0x163bfa0_0, v0x163be60_0;
S_0x1619da0 .scope module, "done_generator" "done_gen" 3 56, 8 1, S_0x160e430;
 .timescale 0 0;
v0x160e230_0 .net "cinw", 0 0, L_0x1644820; 1 drivers
v0x163be60_0 .alias "doac", 7 0, v0x1640c80_0;
v0x163bf00_0 .var "done", 0 0;
v0x163bfa0_0 .alias "dowc", 7 0, v0x1641fc0_0;
v0x163c050_0 .alias "dowr", 7 0, v0x1642130_0;
v0x163c0f0_0 .net "mode", 1 0, L_0x1644880; 1 drivers
E_0x1612730/0 .event edge, v0x163c0f0_0, v0x160e230_0, v0x163be60_0, v0x163c050_0;
E_0x1612730/1 .event edge, v0x163bfa0_0;
E_0x1612730 .event/or E_0x1612730/0, E_0x1612730/1;
    .scope S_0x163fcc0;
T_0 ;
    %wait E_0x163fdb0;
    %load/v 8, v0x163fe00_0, 3;
    %load/v 11, v0x163fec0_0, 3;
    %mov 14, 2, 3;
    %movi 17, 0, 3;
    %cmp/x 8, 14, 6;
    %jmp/1 T_0.0, 4;
    %mov 20, 2, 3;
    %movi 23, 1, 3;
    %cmp/x 8, 20, 6;
    %jmp/1 T_0.1, 4;
    %mov 26, 2, 3;
    %movi 29, 2, 3;
    %cmp/x 8, 26, 6;
    %jmp/1 T_0.2, 4;
    %mov 32, 2, 3;
    %movi 35, 3, 3;
    %cmp/x 8, 32, 6;
    %jmp/1 T_0.3, 4;
    %movi 38, 0, 1;
    %mov 39, 2, 2;
    %movi 41, 4, 3;
    %cmp/x 8, 38, 6;
    %jmp/1 T_0.4, 4;
    %movi 44, 3, 2;
    %mov 46, 2, 1;
    %movi 47, 4, 3;
    %cmp/x 8, 44, 6;
    %jmp/1 T_0.5, 4;
    %movi 50, 1, 2;
    %mov 52, 2, 1;
    %movi 53, 4, 3;
    %cmp/x 8, 50, 6;
    %jmp/1 T_0.6, 4;
    %mov 56, 2, 3;
    %movi 59, 5, 3;
    %cmp/x 8, 56, 6;
    %jmp/1 T_0.7, 4;
    %movi 62, 0, 1;
    %mov 63, 2, 2;
    %movi 65, 6, 3;
    %cmp/x 8, 62, 6;
    %jmp/1 T_0.8, 4;
    %movi 68, 3, 2;
    %mov 70, 2, 1;
    %movi 71, 6, 3;
    %cmp/x 8, 68, 6;
    %jmp/1 T_0.9, 4;
    %movi 74, 1, 2;
    %mov 76, 2, 1;
    %movi 77, 6, 3;
    %cmp/x 8, 74, 6;
    %jmp/1 T_0.10, 4;
    %movi 80, 56, 6;
    %cmp/x 8, 80, 6;
    %jmp/1 T_0.11, 4;
    %movi 80, 1, 1;
    %mov 81, 2, 1;
    %movi 82, 14, 4;
    %cmp/x 8, 80, 6;
    %jmp/1 T_0.12, 4;
    %movi 86, 58, 6;
    %cmp/x 8, 86, 6;
    %jmp/1 T_0.13, 4;
    %movi 86, 60, 6;
    %cmp/x 8, 86, 6;
    %jmp/1 T_0.14, 4;
    %movi 86, 1, 1;
    %mov 87, 2, 1;
    %movi 88, 15, 4;
    %cmp/x 8, 86, 6;
    %jmp/1 T_0.15, 4;
    %movi 92, 62, 6;
    %cmp/x 8, 92, 6;
    %jmp/1 T_0.16, 4;
    %jmp T_0.17;
T_0.0 ;
    %set/v v0x1640480_0, 0, 1;
    %set/v v0x1640660_0, 0, 1;
    %set/v v0x1640840_0, 2, 1;
    %set/v v0x16409b0_0, 2, 1;
    %set/v v0x1640500_0, 1, 1;
    %set/v v0x16406e0_0, 2, 2;
    %set/v v0x16403d0_0, 0, 1;
    %set/v v0x16400f0_0, 0, 1;
    %set/v v0x1640220_0, 0, 1;
    %set/v v0x163ff60_0, 0, 1;
    %set/v v0x1640790_0, 0, 1;
    %set/v v0x16405b0_0, 0, 1;
    %set/v v0x16401a0_0, 0, 1;
    %set/v v0x16402d0_0, 0, 1;
    %set/v v0x1640010_0, 0, 1;
    %set/v v0x1640350_0, 0, 1;
    %jmp T_0.17;
T_0.1 ;
    %set/v v0x1640480_0, 0, 1;
    %set/v v0x1640660_0, 0, 1;
    %set/v v0x1640840_0, 2, 1;
    %set/v v0x16409b0_0, 2, 1;
    %set/v v0x1640500_0, 0, 1;
    %mov 8, 2, 1;
    %movi 9, 1, 1;
    %set/v v0x16406e0_0, 8, 2;
    %set/v v0x16403d0_0, 0, 1;
    %set/v v0x16400f0_0, 0, 1;
    %set/v v0x1640220_0, 0, 1;
    %set/v v0x163ff60_0, 0, 1;
    %set/v v0x1640790_0, 0, 1;
    %set/v v0x16405b0_0, 0, 1;
    %set/v v0x16401a0_0, 0, 1;
    %set/v v0x16402d0_0, 0, 1;
    %set/v v0x1640010_0, 0, 1;
    %set/v v0x1640350_0, 1, 1;
    %jmp T_0.17;
T_0.2 ;
    %set/v v0x1640480_0, 0, 1;
    %set/v v0x1640660_0, 0, 1;
    %set/v v0x1640840_0, 2, 1;
    %set/v v0x16409b0_0, 2, 1;
    %set/v v0x1640500_0, 0, 1;
    %movi 8, 1, 2;
    %set/v v0x16406e0_0, 8, 2;
    %set/v v0x16403d0_0, 0, 1;
    %set/v v0x16400f0_0, 0, 1;
    %set/v v0x1640220_0, 0, 1;
    %set/v v0x163ff60_0, 0, 1;
    %set/v v0x1640790_0, 0, 1;
    %set/v v0x16405b0_0, 0, 1;
    %set/v v0x16401a0_0, 0, 1;
    %set/v v0x16402d0_0, 0, 1;
    %set/v v0x1640010_0, 0, 1;
    %set/v v0x1640350_0, 1, 1;
    %jmp T_0.17;
T_0.3 ;
    %set/v v0x1640480_0, 0, 1;
    %set/v v0x1640660_0, 0, 1;
    %set/v v0x1640840_0, 2, 1;
    %set/v v0x16409b0_0, 2, 1;
    %set/v v0x1640500_0, 0, 1;
    %set/v v0x16406e0_0, 0, 2;
    %set/v v0x16403d0_0, 0, 1;
    %set/v v0x16400f0_0, 0, 1;
    %set/v v0x1640220_0, 0, 1;
    %set/v v0x163ff60_0, 0, 1;
    %set/v v0x1640790_0, 0, 1;
    %set/v v0x16405b0_0, 0, 1;
    %set/v v0x16401a0_0, 0, 1;
    %set/v v0x16402d0_0, 0, 1;
    %set/v v0x1640010_0, 0, 1;
    %set/v v0x1640350_0, 1, 1;
    %jmp T_0.17;
T_0.4 ;
    %set/v v0x1640480_0, 0, 1;
    %set/v v0x1640660_0, 0, 1;
    %set/v v0x1640840_0, 1, 1;
    %set/v v0x16409b0_0, 1, 1;
    %set/v v0x1640500_0, 0, 1;
    %set/v v0x16406e0_0, 2, 2;
    %set/v v0x16403d0_0, 1, 1;
    %set/v v0x16400f0_0, 0, 1;
    %set/v v0x1640220_0, 0, 1;
    %set/v v0x163ff60_0, 0, 1;
    %set/v v0x1640790_0, 0, 1;
    %set/v v0x16405b0_0, 0, 1;
    %set/v v0x16401a0_0, 0, 1;
    %set/v v0x16402d0_0, 0, 1;
    %set/v v0x1640010_0, 0, 1;
    %set/v v0x1640350_0, 0, 1;
    %jmp T_0.17;
T_0.5 ;
    %set/v v0x1640480_0, 0, 1;
    %set/v v0x1640660_0, 0, 1;
    %set/v v0x1640840_0, 1, 1;
    %set/v v0x16409b0_0, 1, 1;
    %set/v v0x1640500_0, 0, 1;
    %set/v v0x16406e0_0, 2, 2;
    %set/v v0x16403d0_0, 1, 1;
    %set/v v0x16400f0_0, 0, 1;
    %set/v v0x1640220_0, 0, 1;
    %set/v v0x163ff60_0, 0, 1;
    %set/v v0x1640790_0, 0, 1;
    %set/v v0x16405b0_0, 0, 1;
    %set/v v0x16401a0_0, 0, 1;
    %set/v v0x16402d0_0, 0, 1;
    %set/v v0x1640010_0, 0, 1;
    %set/v v0x1640350_0, 0, 1;
    %jmp T_0.17;
T_0.6 ;
    %set/v v0x1640480_0, 0, 1;
    %set/v v0x1640660_0, 0, 1;
    %set/v v0x1640840_0, 1, 1;
    %set/v v0x16409b0_0, 2, 1;
    %set/v v0x1640500_0, 0, 1;
    %set/v v0x16406e0_0, 2, 2;
    %set/v v0x16403d0_0, 1, 1;
    %set/v v0x16400f0_0, 0, 1;
    %set/v v0x1640220_0, 0, 1;
    %set/v v0x163ff60_0, 0, 1;
    %set/v v0x1640790_0, 1, 1;
    %set/v v0x16405b0_0, 0, 1;
    %set/v v0x16401a0_0, 0, 1;
    %set/v v0x16402d0_0, 0, 1;
    %set/v v0x1640010_0, 0, 1;
    %set/v v0x1640350_0, 0, 1;
    %jmp T_0.17;
T_0.7 ;
    %set/v v0x1640480_0, 1, 1;
    %set/v v0x1640660_0, 0, 1;
    %set/v v0x1640840_0, 0, 1;
    %set/v v0x16409b0_0, 2, 1;
    %set/v v0x1640500_0, 0, 1;
    %set/v v0x16406e0_0, 2, 2;
    %set/v v0x16403d0_0, 1, 1;
    %set/v v0x16400f0_0, 0, 1;
    %set/v v0x1640220_0, 0, 1;
    %set/v v0x163ff60_0, 0, 1;
    %set/v v0x1640790_0, 0, 1;
    %set/v v0x16405b0_0, 0, 1;
    %set/v v0x16401a0_0, 0, 1;
    %set/v v0x16402d0_0, 0, 1;
    %set/v v0x1640010_0, 0, 1;
    %set/v v0x1640350_0, 0, 1;
    %jmp T_0.17;
T_0.8 ;
    %set/v v0x1640480_0, 0, 1;
    %set/v v0x1640660_0, 1, 1;
    %set/v v0x1640840_0, 2, 1;
    %set/v v0x16409b0_0, 0, 1;
    %set/v v0x1640500_0, 0, 1;
    %set/v v0x16406e0_0, 2, 2;
    %set/v v0x16403d0_0, 0, 1;
    %set/v v0x16400f0_0, 0, 1;
    %set/v v0x1640220_0, 0, 1;
    %set/v v0x163ff60_0, 0, 1;
    %set/v v0x1640790_0, 0, 1;
    %set/v v0x16405b0_0, 1, 1;
    %set/v v0x16401a0_0, 0, 1;
    %set/v v0x16402d0_0, 0, 1;
    %set/v v0x1640010_0, 0, 1;
    %set/v v0x1640350_0, 0, 1;
    %jmp T_0.17;
T_0.9 ;
    %set/v v0x1640480_0, 0, 1;
    %set/v v0x1640660_0, 1, 1;
    %set/v v0x1640840_0, 2, 1;
    %set/v v0x16409b0_0, 0, 1;
    %set/v v0x1640500_0, 0, 1;
    %set/v v0x16406e0_0, 2, 2;
    %set/v v0x16403d0_0, 0, 1;
    %set/v v0x16400f0_0, 0, 1;
    %set/v v0x1640220_0, 0, 1;
    %set/v v0x163ff60_0, 0, 1;
    %set/v v0x1640790_0, 0, 1;
    %set/v v0x16405b0_0, 1, 1;
    %set/v v0x16401a0_0, 0, 1;
    %set/v v0x16402d0_0, 0, 1;
    %set/v v0x1640010_0, 0, 1;
    %set/v v0x1640350_0, 0, 1;
    %jmp T_0.17;
T_0.10 ;
    %set/v v0x1640480_0, 0, 1;
    %set/v v0x1640660_0, 1, 1;
    %set/v v0x1640840_0, 2, 1;
    %set/v v0x16409b0_0, 2, 1;
    %set/v v0x1640500_0, 0, 1;
    %set/v v0x16406e0_0, 2, 2;
    %set/v v0x16403d0_0, 0, 1;
    %set/v v0x16400f0_0, 0, 1;
    %set/v v0x1640220_0, 0, 1;
    %set/v v0x163ff60_0, 0, 1;
    %set/v v0x1640790_0, 1, 1;
    %set/v v0x16405b0_0, 0, 1;
    %set/v v0x16401a0_0, 0, 1;
    %set/v v0x16402d0_0, 0, 1;
    %set/v v0x1640010_0, 0, 1;
    %set/v v0x1640350_0, 0, 1;
    %jmp T_0.17;
T_0.11 ;
    %set/v v0x1640480_0, 0, 1;
    %set/v v0x1640660_0, 0, 1;
    %set/v v0x1640840_0, 2, 1;
    %set/v v0x16409b0_0, 2, 1;
    %set/v v0x1640500_0, 0, 1;
    %set/v v0x16406e0_0, 2, 2;
    %set/v v0x16403d0_0, 0, 1;
    %set/v v0x16400f0_0, 1, 1;
    %set/v v0x1640220_0, 1, 1;
    %set/v v0x163ff60_0, 0, 1;
    %set/v v0x1640790_0, 0, 1;
    %set/v v0x16405b0_0, 0, 1;
    %set/v v0x16401a0_0, 1, 1;
    %set/v v0x16402d0_0, 0, 1;
    %set/v v0x1640010_0, 1, 1;
    %set/v v0x1640350_0, 0, 1;
    %jmp T_0.17;
T_0.12 ;
    %set/v v0x1640480_0, 0, 1;
    %set/v v0x1640660_0, 0, 1;
    %set/v v0x1640840_0, 2, 1;
    %set/v v0x16409b0_0, 2, 1;
    %set/v v0x1640500_0, 0, 1;
    %set/v v0x16406e0_0, 2, 2;
    %set/v v0x16403d0_0, 0, 1;
    %set/v v0x16400f0_0, 1, 1;
    %set/v v0x1640220_0, 1, 1;
    %set/v v0x163ff60_0, 0, 1;
    %set/v v0x1640790_0, 0, 1;
    %set/v v0x16405b0_0, 0, 1;
    %set/v v0x16401a0_0, 1, 1;
    %set/v v0x16402d0_0, 1, 1;
    %set/v v0x1640010_0, 0, 1;
    %set/v v0x1640350_0, 0, 1;
    %jmp T_0.17;
T_0.13 ;
    %set/v v0x1640480_0, 0, 1;
    %set/v v0x1640660_0, 0, 1;
    %set/v v0x1640840_0, 2, 1;
    %set/v v0x16409b0_0, 2, 1;
    %set/v v0x1640500_0, 0, 1;
    %set/v v0x16406e0_0, 2, 2;
    %set/v v0x16403d0_0, 0, 1;
    %set/v v0x16400f0_0, 1, 1;
    %set/v v0x1640220_0, 1, 1;
    %set/v v0x163ff60_0, 0, 1;
    %set/v v0x1640790_0, 0, 1;
    %set/v v0x16405b0_0, 0, 1;
    %set/v v0x16401a0_0, 0, 1;
    %set/v v0x16402d0_0, 0, 1;
    %set/v v0x1640010_0, 0, 1;
    %set/v v0x1640350_0, 0, 1;
    %jmp T_0.17;
T_0.14 ;
    %set/v v0x1640480_0, 0, 1;
    %set/v v0x1640660_0, 0, 1;
    %set/v v0x1640840_0, 2, 1;
    %set/v v0x16409b0_0, 2, 1;
    %set/v v0x1640500_0, 0, 1;
    %set/v v0x16406e0_0, 2, 2;
    %set/v v0x16403d0_0, 0, 1;
    %set/v v0x16400f0_0, 1, 1;
    %set/v v0x1640220_0, 0, 1;
    %set/v v0x163ff60_0, 1, 1;
    %set/v v0x1640790_0, 0, 1;
    %set/v v0x16405b0_0, 0, 1;
    %set/v v0x16401a0_0, 1, 1;
    %set/v v0x16402d0_0, 0, 1;
    %set/v v0x1640010_0, 1, 1;
    %set/v v0x1640350_0, 0, 1;
    %jmp T_0.17;
T_0.15 ;
    %set/v v0x1640480_0, 0, 1;
    %set/v v0x1640660_0, 0, 1;
    %set/v v0x1640840_0, 2, 1;
    %set/v v0x16409b0_0, 2, 1;
    %set/v v0x1640500_0, 0, 1;
    %set/v v0x16406e0_0, 2, 2;
    %set/v v0x16403d0_0, 0, 1;
    %set/v v0x16400f0_0, 1, 1;
    %set/v v0x1640220_0, 0, 1;
    %set/v v0x163ff60_0, 1, 1;
    %set/v v0x1640790_0, 0, 1;
    %set/v v0x16405b0_0, 0, 1;
    %set/v v0x16401a0_0, 1, 1;
    %set/v v0x16402d0_0, 1, 1;
    %set/v v0x1640010_0, 0, 1;
    %set/v v0x1640350_0, 0, 1;
    %jmp T_0.17;
T_0.16 ;
    %set/v v0x1640480_0, 0, 1;
    %set/v v0x1640660_0, 0, 1;
    %set/v v0x1640840_0, 2, 1;
    %set/v v0x16409b0_0, 2, 1;
    %set/v v0x1640500_0, 0, 1;
    %set/v v0x16406e0_0, 2, 2;
    %set/v v0x16403d0_0, 0, 1;
    %set/v v0x16400f0_0, 1, 1;
    %set/v v0x1640220_0, 0, 1;
    %set/v v0x163ff60_0, 1, 1;
    %set/v v0x1640790_0, 0, 1;
    %set/v v0x16405b0_0, 0, 1;
    %set/v v0x16401a0_0, 0, 1;
    %set/v v0x16402d0_0, 0, 1;
    %set/v v0x1640010_0, 0, 1;
    %set/v v0x1640350_0, 0, 1;
    %jmp T_0.17;
T_0.17 ;
    %jmp T_0;
    .thread T_0, $push;
    .scope S_0x163f910;
T_1 ;
    %wait E_0x163c730;
    %load/v 8, v0x163fc10_0, 1;
    %jmp/0xz  T_1.0, 8;
    %load/v 8, v0x163fb10_0, 8;
    %ix/load 0, 8, 0;
    %assign/v0 v0x163fb90_0, 0, 8;
T_1.0 ;
    %jmp T_1;
    .thread T_1;
    .scope S_0x163e410;
T_2 ;
    %wait E_0x163c730;
    %load/v 8, v0x163f3a0_0, 1;
    %jmp/0xz  T_2.0, 8;
    %ix/load 0, 8, 0;
    %assign/v0 v0x163f0d0_0, 0, 0;
    %jmp T_2.1;
T_2.0 ;
    %load/v 8, v0x163f460_0, 1;
    %jmp/0xz  T_2.2, 8;
    %load/v 8, v0x163f1f0_0, 8;
    %ix/load 0, 8, 0;
    %assign/v0 v0x163f0d0_0, 0, 8;
    %jmp T_2.3;
T_2.2 ;
    %load/v 8, v0x163f320_0, 1;
    %load/v 9, v0x163ef20_0, 1;
    %inv 9, 1;
    %and 8, 9, 1;
    %jmp/0xz  T_2.4, 8;
    %load/v 8, v0x163f170_0, 1;
    %load/v 9, v0x163f270_0, 1;
    %mov 10, 2, 1;
    %movi 11, 1, 1;
    %cmp/x 8, 10, 2;
    %jmp/1 T_2.6, 4;
    %movi 12, 1, 2;
    %cmp/x 8, 12, 2;
    %jmp/1 T_2.7, 4;
    %jmp T_2.8;
T_2.6 ;
    %load/v 8, v0x163f0d0_0, 8;
    %mov 16, 0, 24;
    %addi 8, 1, 32;
    %ix/load 0, 8, 0;
    %assign/v0 v0x163f0d0_0, 0, 8;
    %jmp T_2.8;
T_2.7 ;
    %load/v 8, v0x163f0d0_0, 8;
    %mov 16, 0, 24;
    %subi 8, 1, 32;
    %ix/load 0, 8, 0;
    %assign/v0 v0x163f0d0_0, 0, 8;
    %jmp T_2.8;
T_2.8 ;
T_2.4 ;
T_2.3 ;
T_2.1 ;
    %jmp T_2;
    .thread T_2;
    .scope S_0x163e080;
T_3 ;
    %wait E_0x163c730;
    %load/v 8, v0x163e390_0, 1;
    %jmp/0xz  T_3.0, 8;
    %load/v 8, v0x163e240_0, 8;
    %ix/load 0, 8, 0;
    %assign/v0 v0x163e2c0_0, 0, 8;
T_3.0 ;
    %jmp T_3;
    .thread T_3;
    .scope S_0x163ca60;
T_4 ;
    %wait E_0x163c730;
    %load/v 8, v0x163dae0_0, 1;
    %jmp/0xz  T_4.0, 8;
    %ix/load 0, 8, 0;
    %assign/v0 v0x163d870_0, 0, 0;
    %jmp T_4.1;
T_4.0 ;
    %load/v 8, v0x163dba0_0, 1;
    %jmp/0xz  T_4.2, 8;
    %load/v 8, v0x163d910_0, 8;
    %ix/load 0, 8, 0;
    %assign/v0 v0x163d870_0, 0, 8;
    %jmp T_4.3;
T_4.2 ;
    %load/v 8, v0x163da40_0, 1;
    %load/v 9, v0x163d6a0_0, 1;
    %inv 9, 1;
    %and 8, 9, 1;
    %jmp/0xz  T_4.4, 8;
    %load/v 8, v0x163d720_0, 1;
    %load/v 9, v0x163d9b0_0, 1;
    %mov 10, 2, 1;
    %movi 11, 1, 1;
    %cmp/x 8, 10, 2;
    %jmp/1 T_4.6, 4;
    %movi 12, 1, 2;
    %cmp/x 8, 12, 2;
    %jmp/1 T_4.7, 4;
    %jmp T_4.8;
T_4.6 ;
    %load/v 8, v0x163d870_0, 8;
    %mov 16, 0, 24;
    %addi 8, 1, 32;
    %ix/load 0, 8, 0;
    %assign/v0 v0x163d870_0, 0, 8;
    %jmp T_4.8;
T_4.7 ;
    %load/v 8, v0x163d870_0, 8;
    %mov 16, 0, 24;
    %subi 8, 1, 32;
    %ix/load 0, 8, 0;
    %assign/v0 v0x163d870_0, 0, 8;
    %jmp T_4.8;
T_4.8 ;
T_4.4 ;
T_4.3 ;
T_4.1 ;
    %jmp T_4;
    .thread T_4;
    .scope S_0x163c640;
T_5 ;
    %wait E_0x163c730;
    %load/v 8, v0x163c9b0_0, 1;
    %jmp/0xz  T_5.0, 8;
    %load/v 8, v0x163c860_0, 3;
    %ix/load 0, 3, 0;
    %assign/v0 v0x163c900_0, 0, 8;
T_5.0 ;
    %jmp T_5;
    .thread T_5;
    .scope S_0x163c1d0;
T_6 ;
    %wait E_0x163c020;
    %load/v 8, v0x163c5c0_0, 2;
    %cmp/x 8, 0, 2;
    %jmp/1 T_6.0, 4;
    %movi 10, 1, 2;
    %cmp/x 8, 10, 2;
    %jmp/1 T_6.1, 4;
    %mov 10, 2, 1;
    %movi 11, 1, 1;
    %cmp/x 8, 10, 2;
    %jmp/1 T_6.2, 4;
    %jmp T_6.3;
T_6.0 ;
    %load/v 8, v0x163c310_0, 8;
    %set/v v0x163c510_0, 8, 8;
    %jmp T_6.3;
T_6.1 ;
    %load/v 8, v0x163c3e0_0, 8;
    %set/v v0x163c510_0, 8, 8;
    %jmp T_6.3;
T_6.2 ;
    %load/v 8, v0x163c490_0, 3;
    %mov 11, 1, 5;
    %set/v v0x163c510_0, 8, 8;
    %jmp T_6.3;
T_6.3 ;
    %jmp T_6;
    .thread T_6, $push;
    .scope S_0x1619da0;
T_7 ;
    %wait E_0x1612730;
    %load/v 8, v0x160e230_0, 1;
    %load/v 9, v0x163c0f0_0, 2;
    %cmp/x 8, 0, 3;
    %jmp/1 T_7.0, 4;
    %movi 11, 1, 3;
    %cmp/x 8, 11, 3;
    %jmp/1 T_7.1, 4;
    %movi 11, 2, 3;
    %cmp/x 8, 11, 3;
    %jmp/1 T_7.2, 4;
    %movi 11, 3, 3;
    %cmp/x 8, 11, 3;
    %jmp/1 T_7.3, 4;
    %mov 11, 2, 1;
    %movi 12, 2, 2;
    %cmp/x 8, 11, 3;
    %jmp/1 T_7.4, 4;
    %mov 14, 2, 1;
    %movi 15, 3, 2;
    %cmp/x 8, 14, 3;
    %jmp/1 T_7.5, 4;
    %jmp T_7.6;
T_7.0 ;
    %load/v 8, v0x163bfa0_0, 8;
    %cmpi/u 8, 1, 8;
    %mov 8, 6, 1;
    %set/v v0x163bf00_0, 8, 1;
    %jmp T_7.6;
T_7.1 ;
    %load/v 8, v0x163bfa0_0, 8;
    %inv 8, 8;
    %set/v v0x163bf00_0, 8, 1;
    %jmp T_7.6;
T_7.2 ;
    %load/v 8, v0x163bfa0_0, 8;
    %mov 16, 0, 24;
    %addi 8, 1, 32;
    %load/v 40, v0x163c050_0, 8;
    %mov 48, 0, 24;
    %cmp/u 8, 40, 32;
    %mov 8, 6, 1;
    %set/v v0x163bf00_0, 8, 1;
    %jmp T_7.6;
T_7.3 ;
    %load/v 8, v0x163bfa0_0, 8;
    %load/v 16, v0x163c050_0, 8;
    %cmp/u 8, 16, 8;
    %mov 8, 6, 1;
    %set/v v0x163bf00_0, 8, 1;
    %jmp T_7.6;
T_7.4 ;
    %load/v 8, v0x163bfa0_0, 8;
    %load/v 16, v0x163be60_0, 8;
    %cmp/u 8, 16, 8;
    %mov 8, 6, 1;
    %set/v v0x163bf00_0, 8, 1;
    %jmp T_7.6;
T_7.5 ;
    %set/v v0x163bf00_0, 0, 1;
    %jmp T_7.6;
T_7.6 ;
    %jmp T_7;
    .thread T_7, $push;
    .scope S_0x1612f70;
T_8 ;
    %vpi_call 2 15 "$dumpfile", "dump.vcd";
    %vpi_call 2 16 "$dumpvars", 1'sb0, S_0x160e430;
    %end;
    .thread T_8;
    .scope S_0x1612f70;
T_9 ;
    %delay 0, 0;
    %set/v v0x1642630_0, 1, 1;
T_9.0 ;
    %delay 5, 0;
    %load/v 8, v0x1642630_0, 1;
    %inv 8, 1;
    %set/v v0x1642630_0, 8, 1;
    %jmp T_9.0;
    %end;
    .thread T_9;
    .scope S_0x1612f70;
T_10 ;
    %delay 750, 0;
    %vpi_call 2 27 "$finish";
    %end;
    .thread T_10;
    .scope S_0x1612f70;
T_11 ;
    %delay 5, 0;
    %set/v v0x16421b0_0, 0, 3;
    %set/v v0x1642410_0, 0, 1;
    %set/v v0x1642920_0, 0, 1;
    %movi 8, 32, 8;
    %set/v v0x16426b0_0, 8, 8;
    %delay 10, 0;
    %movi 8, 1, 3;
    %set/v v0x16421b0_0, 8, 3;
    %delay 10, 0;
    %movi 8, 6, 3;
    %set/v v0x16421b0_0, 8, 3;
    %movi 8, 172, 8;
    %set/v v0x16426b0_0, 8, 8;
    %delay 10, 0;
    %movi 8, 5, 3;
    %set/v v0x16421b0_0, 8, 3;
    %delay 10, 0;
    %movi 8, 3, 3;
    %set/v v0x16421b0_0, 8, 3;
    %delay 10, 0;
    %set/v v0x16421b0_0, 0, 3;
    %set/v v0x16426b0_0, 0, 8;
    %delay 10, 0;
    %set/v v0x16421b0_0, 1, 3;
    %delay 50, 0;
    %movi 8, 4, 3;
    %set/v v0x16421b0_0, 8, 3;
    %delay 10, 0;
    %movi 8, 3, 3;
    %set/v v0x16421b0_0, 8, 3;
    %delay 10, 0;
    %movi 8, 6, 3;
    %set/v v0x16421b0_0, 8, 3;
    %movi 8, 205, 8;
    %set/v v0x16426b0_0, 8, 8;
    %delay 10, 0;
    %movi 8, 2, 3;
    %set/v v0x16421b0_0, 8, 3;
    %delay 10, 0;
    %set/v v0x16421b0_0, 0, 3;
    %movi 8, 2, 8;
    %set/v v0x16426b0_0, 8, 8;
    %delay 10, 0;
    %set/v v0x16421b0_0, 1, 3;
    %delay 50, 0;
    %movi 8, 4, 3;
    %set/v v0x16421b0_0, 8, 3;
    %delay 10, 0;
    %movi 8, 2, 3;
    %set/v v0x16421b0_0, 8, 3;
    %delay 10, 0;
    %movi 8, 6, 3;
    %set/v v0x16421b0_0, 8, 3;
    %movi 8, 24, 8;
    %set/v v0x16426b0_0, 8, 8;
    %delay 10, 0;
    %movi 8, 2, 3;
    %set/v v0x16421b0_0, 8, 3;
    %delay 10, 0;
    %set/v v0x16421b0_0, 0, 3;
    %movi 8, 1, 8;
    %set/v v0x16426b0_0, 8, 8;
    %delay 10, 0;
    %set/v v0x16421b0_0, 1, 3;
    %delay 50, 0;
    %movi 8, 4, 3;
    %set/v v0x16421b0_0, 8, 3;
    %delay 10, 0;
    %movi 8, 2, 3;
    %set/v v0x16421b0_0, 8, 3;
    %delay 10, 0;
    %movi 8, 5, 3;
    %set/v v0x16421b0_0, 8, 3;
    %movi 8, 171, 8;
    %set/v v0x16426b0_0, 8, 8;
    %delay 10, 0;
    %movi 8, 6, 3;
    %set/v v0x16421b0_0, 8, 3;
    %movi 8, 3, 8;
    %set/v v0x16426b0_0, 8, 8;
    %delay 10, 0;
    %set/v v0x16421b0_0, 0, 3;
    %set/v v0x16426b0_0, 0, 8;
    %delay 10, 0;
    %set/v v0x16421b0_0, 1, 3;
    %delay 50, 0;
    %set/v v0x16421b0_0, 0, 3;
    %movi 8, 1, 8;
    %set/v v0x16426b0_0, 8, 8;
    %delay 10, 0;
    %set/v v0x16421b0_0, 1, 3;
    %delay 50, 0;
    %set/v v0x16421b0_0, 0, 3;
    %movi 8, 2, 8;
    %set/v v0x16426b0_0, 8, 8;
    %delay 10, 0;
    %set/v v0x16421b0_0, 1, 3;
    %delay 50, 0;
    %set/v v0x16421b0_0, 0, 3;
    %movi 8, 4, 8;
    %set/v v0x16426b0_0, 8, 8;
    %delay 10, 0;
    %set/v v0x16421b0_0, 1, 3;
    %delay 50, 0;
    %set/v v0x16421b0_0, 0, 3;
    %movi 8, 7, 8;
    %set/v v0x16426b0_0, 8, 8;
    %delay 10, 0;
    %set/v v0x16421b0_0, 1, 3;
    %delay 50, 0;
    %set/v v0x16421b0_0, 0, 3;
    %movi 8, 6, 8;
    %set/v v0x16426b0_0, 8, 8;
    %delay 10, 0;
    %set/v v0x16421b0_0, 1, 3;
    %delay 10, 0;
    %movi 8, 2, 3;
    %set/v v0x16421b0_0, 8, 3;
    %delay 10, 0;
    %movi 8, 3, 3;
    %set/v v0x16421b0_0, 8, 3;
    %delay 10, 0;
    %movi 8, 1, 3;
    %set/v v0x16421b0_0, 8, 3;
    %end;
    .thread T_11;
# The file index is used to find the file name in the following table.
:file_names 9;
    "N/A";
    "<interactive>";
    "testbench.sv";
    "design.sv";
    "./instructiondec.sv";
    "./register.sv";
    "./multiplexer.sv";
    "./counter.sv";
    "./donegen.sv";
